2022-11-06 10:36:23:3623 [32minfo[39m: [32mServer is running on port 9000[39m
2022-11-06 10:36:25:3625 [32minfo[39m: [32mConnected to MongoDB...[39m
2022-11-06 10:36:51:3651 [32minfo[39m: [32mServer is running on port 9000[39m
2022-11-06 10:36:52:3652 [32minfo[39m: [32mConnected to MongoDB...[39m
2022-11-06 11:13:35:1335 [35mhttp[39m: [35m::1 GET /api/farmer/getcompletedmycrops/990910820V 404 180 - 4.143 ms[39m
[35m[39m
2022-11-06 11:13:35:1335 [35mhttp[39m: [35m::1 GET /api/farmer/getmycrops/990910820V 304 - - 206.114 ms[39m
[35m[39m
2022-11-06 11:13:40:1340 [35mhttp[39m: [35m::1 GET /api/farmer/getcompletedmycrops/990910820V 404 180 - 0.887 ms[39m
[35m[39m
2022-11-06 11:13:40:1340 [35mhttp[39m: [35m::1 GET /api/farmer/getmycrops/990910820V 304 - - 127.766 ms[39m
[35m[39m
2022-11-06 11:13:53:1353 [32minfo[39m: [32mServer is running on port 9000[39m
2022-11-06 11:13:55:1355 [32minfo[39m: [32mConnected to MongoDB...[39m
2022-11-06 11:14:01:141 [35mhttp[39m: [35m::1 GET /api/product/getproduct 304 - - 190.022 ms[39m
[35m[39m
2022-11-06 11:14:01:141 [35mhttp[39m: [35m::1 GET /api/product/getproduct 304 - - 198.762 ms[39m
[35m[39m
2022-11-06 11:14:03:143 [35mhttp[39m: [35m::1 GET /api/farmer/getcompletedmycrops/990910820V 404 180 - 1.298 ms[39m
[35m[39m
2022-11-06 11:14:03:143 [35mhttp[39m: [35m::1 GET /api/farmer/getmycrops/990910820V 304 - - 186.202 ms[39m
[35m[39m
2022-11-06 11:14:08:148 [35mhttp[39m: [35m::1 GET /api/farmer/getcompletedmycrops/990910820V 404 180 - 1.253 ms[39m
[35m[39m
2022-11-06 11:14:08:148 [35mhttp[39m: [35m::1 GET /api/farmer/getmycrops/990910820V 304 - - 106.470 ms[39m
[35m[39m
2022-11-06 11:14:11:1411 [35mhttp[39m: [35m::1 GET /api/product/getproduct 304 - - 109.671 ms[39m
[35m[39m
2022-11-06 11:14:11:1411 [35mhttp[39m: [35m::1 GET /api/product/getproduct 304 - - 118.862 ms[39m
[35m[39m
2022-11-06 11:14:15:1415 [35mhttp[39m: [35m::1 GET /api/product/63627bfa65d9980c22159c3a 200 68 - 141.284 ms[39m
[35m[39m
2022-11-06 11:14:16:1416 [35mhttp[39m: [35m::1 GET /api/product/getproduct 200 1224 - 195.734 ms[39m
[35m[39m
2022-11-06 11:14:47:1447 [35mhttp[39m: [35m::1 GET /api/product/getproduct 304 - - 193.277 ms[39m
[35m[39m
2022-11-06 11:14:47:1447 [35mhttp[39m: [35m::1 GET /api/product/getproduct 304 - - 109.700 ms[39m
[35m[39m
2022-11-06 11:14:47:1447 [35mhttp[39m: [35m::1 GET /api/farmer/getcompletedmycrops/990910820V 404 180 - 0.517 ms[39m
[35m[39m
2022-11-06 11:14:47:1447 [35mhttp[39m: [35m::1 GET /api/farmer/getmycrops/990910820V 304 - - 132.765 ms[39m
[35m[39m
2022-11-06 11:14:48:1448 [35mhttp[39m: [35m::1 GET /api/product/getproduct 304 - - 118.952 ms[39m
[35m[39m
2022-11-06 11:14:48:1448 [35mhttp[39m: [35m::1 GET /api/product/getproduct 304 - - 142.997 ms[39m
[35m[39m
2022-11-06 11:14:52:1452 [35mhttp[39m: [35m::1 GET /api/farmer/getcompletedmycrops/990910820V 404 180 - 0.385 ms[39m
[35m[39m
2022-11-06 11:14:52:1452 [35mhttp[39m: [35m::1 GET /api/farmer/getmycrops/990910820V 304 - - 165.813 ms[39m
[35m[39m
2022-11-06 11:14:54:1454 [35mhttp[39m: [35m::1 GET /api/product/getproduct 304 - - 137.601 ms[39m
[35m[39m
2022-11-06 11:14:54:1454 [35mhttp[39m: [35m::1 GET /api/product/getproduct 304 - - 198.462 ms[39m
[35m[39m
2022-11-06 11:14:56:1456 [35mhttp[39m: [35m::1 GET /api/farmer/getcompletedmycrops/990910820V 404 180 - 0.285 ms[39m
[35m[39m
2022-11-06 11:14:56:1456 [35mhttp[39m: [35m::1 GET /api/farmer/getmycrops/990910820V 304 - - 116.111 ms[39m
[35m[39m
2022-11-06 11:16:15:1615 [35mhttp[39m: [35m::1 GET /api/farmer/getcompletedmycrops/990910820V 404 180 - 0.915 ms[39m
[35m[39m
2022-11-06 11:16:16:1616 [35mhttp[39m: [35m::1 GET /api/farmer/getmycrops/990910820V 304 - - 126.818 ms[39m
[35m[39m
2022-11-06 11:30:01:301 [35mhttp[39m: [35m::1 GET /api/farmer/getcompletedmycrops/990910820V 404 180 - 0.356 ms[39m
[35m[39m
2022-11-06 11:30:01:301 [35mhttp[39m: [35m::1 GET /api/farmer/getmycrops/990910820V 304 - - 147.491 ms[39m
[35m[39m
2022-11-06 11:30:54:3054 [35mhttp[39m: [35m::1 GET /api/farmer/getcompletedmycrops/990910820V 404 180 - 0.170 ms[39m
[35m[39m
2022-11-06 11:30:55:3055 [35mhttp[39m: [35m::1 GET /api/farmer/getmycrops/990910820V 200 48 - 154.106 ms[39m
[35m[39m
2022-11-06 11:31:01:311 [35mhttp[39m: [35m::1 GET /api/product/getproduct 200 1224 - 111.453 ms[39m
[35m[39m
2022-11-06 11:31:01:311 [35mhttp[39m: [35m::1 GET /api/product/getproduct 304 - - 101.579 ms[39m
[35m[39m
2022-11-06 11:31:06:316 [35mhttp[39m: [35m::1 GET /api/product/getproduct 304 - - 99.453 ms[39m
[35m[39m
2022-11-06 11:31:06:316 [35mhttp[39m: [35m::1 GET /api/product/getproduct 304 - - 130.770 ms[39m
[35m[39m
2022-11-06 11:32:02:322 [35mhttp[39m: [35m::1 GET /api/product/getproduct 304 - - 185.749 ms[39m
[35m[39m
2022-11-06 11:32:02:322 [35mhttp[39m: [35m::1 GET /api/product/getproduct 304 - - 104.695 ms[39m
[35m[39m
2022-11-06 11:32:02:322 [35mhttp[39m: [35m::1 GET /api/farmer/getcompletedmycrops/990910820V 404 180 - 0.474 ms[39m
[35m[39m
2022-11-06 11:32:02:322 [35mhttp[39m: [35m::1 GET /api/farmer/getmycrops/990910820V 304 - - 143.658 ms[39m
[35m[39m
2022-11-06 11:32:04:324 [35mhttp[39m: [35m::1 GET /api/farmer/getcompletedmycrops/990910820V 404 180 - 0.195 ms[39m
[35m[39m
2022-11-06 11:32:05:325 [35mhttp[39m: [35m::1 GET /api/farmer/getmycrops/990910820V 304 - - 161.041 ms[39m
[35m[39m
2022-11-06 11:32:05:325 [35mhttp[39m: [35m::1 GET /api/product/getproduct 304 - - 115.603 ms[39m
[35m[39m
2022-11-06 11:32:05:325 [35mhttp[39m: [35m::1 GET /api/product/getproduct 304 - - 98.612 ms[39m
[35m[39m
2022-11-06 11:49:51:4951 [35mhttp[39m: [35m::1 GET /api/farmer/getcompletedmycrops/990910820V 404 180 - 0.201 ms[39m
[35m[39m
2022-11-06 11:49:51:4951 [35mhttp[39m: [35m::1 GET /api/farmer/getmycrops/990910820V 304 - - 149.776 ms[39m
[35m[39m
2022-11-06 11:50:01:501 [35mhttp[39m: [35m::1 GET /api/farmer/getcompletedmycrops/990910820V 404 180 - 0.968 ms[39m
[35m[39m
2022-11-06 11:50:01:501 [35mhttp[39m: [35m::1 GET /api/farmer/getmycrops/990910820V 304 - - 97.148 ms[39m
[35m[39m
2022-11-06 11:50:54:5054 [35mhttp[39m: [35m::1 GET /api/farmer/getcompletedmycrops/990910820V 404 180 - 0.241 ms[39m
[35m[39m
2022-11-06 11:52:04:524 [35mhttp[39m: [35m::1 GET /api/farmer/getcompletedmycrops/990910820V 404 180 - 0.211 ms[39m
[35m[39m
2022-11-06 11:53:39:5339 [32minfo[39m: [32mServer is running on port 9000[39m
2022-11-06 11:53:41:5341 [32minfo[39m: [32mConnected to MongoDB...[39m
2022-11-06 11:54:10:5410 [35mhttp[39m: [35m::1 GET /api/farmer/getmycrops/990910820V 304 - - 196.048 ms[39m
[35m[39m
2022-11-06 11:54:10:5410 [35mhttp[39m: [35m::1 GET /api/farmer/getcompletedmycrops/990910820V 200 802 - 188.580 ms[39m
[35m[39m
2022-11-06 11:54:40:5440 [35mhttp[39m: [35m::1 PUT /api/farmer/updateharvest/63600359cf2131e599d04fed 200 436 - 161.886 ms[39m
[35m[39m
2022-11-06 12:25:42:2542 [35mhttp[39m: [35m::1 GET /api/farmer/getmycrops/990910820V 304 - - 1013.257 ms[39m
[35m[39m
2022-11-06 12:25:42:2542 [35mhttp[39m: [35m::1 GET /api/farmer/getcompletedmycrops/990910820V 200 802 - 1012.452 ms[39m
[35m[39m
2022-11-06 15:46:35:4635 [35mhttp[39m: [35m::1 GET /api/farmer/getcompletedmycrops/990910820V 200 802 - 1143.088 ms[39m
[35m[39m
2022-11-06 15:47:34:4734 [35mhttp[39m: [35m::1 GET /api/farmer/getmycrops/990910820V 304 - - 108.694 ms[39m
[35m[39m
2022-11-06 15:47:35:4735 [35mhttp[39m: [35m::1 GET /api/farmer/getcompletedmycrops/990910820V 200 802 - 1020.848 ms[39m
[35m[39m
2022-11-06 15:47:42:4742 [35mhttp[39m: [35m::1 GET /api/product/getproduct 304 - - 112.323 ms[39m
[35m[39m
2022-11-06 15:47:42:4742 [35mhttp[39m: [35m::1 GET /api/product/getproduct 304 - - 101.798 ms[39m
[35m[39m
2022-11-06 21:53:04:534 [32minfo[39m: [32mServer is running on port 9000[39m
2022-11-06 21:53:05:535 [32minfo[39m: [32mConnected to MongoDB...[39m
2022-11-07 00:30:29:3029 [35mhttp[39m: [35m::1 GET /api/farmer/getcompletedmycrops/990910820V 304 - - 848.022 ms[39m
[35m[39m
2022-11-07 00:30:29:3029 [35mhttp[39m: [35m::1 GET /api/farmer/getmycrops/990910820V 304 - - 859.606 ms[39m
[35m[39m
2022-11-07 00:30:29:3029 [35mhttp[39m: [35m::1 GET /api/product/getproduct 304 - - 103.367 ms[39m
[35m[39m
2022-11-07 00:30:29:3029 [35mhttp[39m: [35m::1 GET /api/product/getproduct 304 - - 98.528 ms[39m
[35m[39m
2022-11-07 00:31:18:3118 [35mhttp[39m: [35m::1 GET /api/farmer/getmycrops/990910820V 304 - - 97.337 ms[39m
[35m[39m
2022-11-07 00:31:18:3118 [35mhttp[39m: [35m::1 GET /api/farmer/getcompletedmycrops/990910820V 304 - - 100.665 ms[39m
[35m[39m
2022-11-07 00:31:20:3120 [35mhttp[39m: [35m::1 GET /api/product/getproduct 304 - - 100.058 ms[39m
[35m[39m
2022-11-07 00:31:20:3120 [35mhttp[39m: [35m::1 GET /api/product/getproduct 304 - - 99.682 ms[39m
[35m[39m
2022-11-07 09:01:23:123 [35mhttp[39m: [35m::1 GET /api/farmer/getmycrops/990910820V 304 - - 1095.920 ms[39m
[35m[39m
2022-11-07 09:01:23:123 [35mhttp[39m: [35m::1 GET /api/farmer/getcompletedmycrops/990910820V 304 - - 1096.843 ms[39m
[35m[39m
2022-11-07 09:01:24:124 [35mhttp[39m: [35m::1 GET /api/product/getproduct 304 - - 749.457 ms[39m
[35m[39m
2022-11-07 09:01:24:124 [35mhttp[39m: [35m::1 GET /api/product/getproduct 304 - - 101.110 ms[39m
[35m[39m
2022-11-07 09:02:35:235 [32minfo[39m: [32mServer is running on port 9000[39m
2022-11-07 09:02:36:236 [32minfo[39m: [32mConnected to MongoDB...[39m
2022-11-07 09:04:19:419 [32minfo[39m: [32mServer is running on port 9000[39m
2022-11-07 09:04:21:421 [32minfo[39m: [32mConnected to MongoDB...[39m
2022-11-07 09:04:43:443 [32minfo[39m: [32mServer is running on port 9000[39m
2022-11-07 09:04:44:444 [32minfo[39m: [32mConnected to MongoDB...[39m
2022-11-07 09:09:30:930 [32minfo[39m: [32mServer is running on port 9000[39m
2022-11-07 09:09:32:932 [32minfo[39m: [32mConnected to MongoDB...[39m
2022-11-07 09:09:53:953 [32minfo[39m: [32mServer is running on port 9000[39m
2022-11-07 09:09:54:954 [32minfo[39m: [32mConnected to MongoDB...[39m
2022-11-07 09:10:36:1036 [32minfo[39m: [32mServer is running on port 9000[39m
2022-11-07 09:10:37:1037 [32minfo[39m: [32mConnected to MongoDB...[39m
2022-11-07 09:11:39:1139 [32minfo[39m: [32mServer is running on port 9000[39m
2022-11-07 09:11:40:1140 [32minfo[39m: [32mConnected to MongoDB...[39m
2022-11-07 10:04:05:45 [35mhttp[39m: [35m::1 GET /api/farmer/getcompletedmycrops/990910820V 304 - - 144.419 ms[39m
[35m[39m
2022-11-07 10:04:05:45 [35mhttp[39m: [35m::1 GET /api/farmer/getmycrops/990910820V 304 - - 155.193 ms[39m
[35m[39m
2022-11-07 10:04:06:46 [35mhttp[39m: [35m::1 GET /api/product/getproduct 304 - - 203.294 ms[39m
[35m[39m
2022-11-07 10:04:06:46 [35mhttp[39m: [35m::1 GET /api/product/getproduct 304 - - 189.456 ms[39m
[35m[39m
2022-11-07 10:06:11:611 [35mhttp[39m: [35m::1 GET /api/farmer/getcompletedmycrops/990910820V 304 - - 122.604 ms[39m
[35m[39m
2022-11-07 10:06:11:611 [35mhttp[39m: [35m::1 GET /api/farmer/getmycrops/990910820V 304 - - 126.998 ms[39m
[35m[39m
2022-11-07 10:06:12:612 [35mhttp[39m: [35m::1 GET /api/product/getproduct 304 - - 164.553 ms[39m
[35m[39m
2022-11-07 10:06:12:612 [35mhttp[39m: [35m::1 GET /api/product/getproduct 304 - - 103.551 ms[39m
[35m[39m
2022-11-07 10:06:14:614 [35mhttp[39m: [35m::1 GET /api/farmer/getcompletedmycrops/990910820V 304 - - 108.062 ms[39m
[35m[39m
2022-11-07 10:06:14:614 [35mhttp[39m: [35m::1 GET /api/farmer/getmycrops/990910820V 304 - - 110.983 ms[39m
[35m[39m
2022-11-07 10:06:17:617 [35mhttp[39m: [35m::1 GET /api/farmer/getcompletedmycrops/990910820V 304 - - 162.925 ms[39m
[35m[39m
2022-11-07 10:06:17:617 [35mhttp[39m: [35m::1 GET /api/farmer/getmycrops/990910820V 304 - - 165.317 ms[39m
[35m[39m
2022-11-07 10:06:17:617 [35mhttp[39m: [35m::1 GET /api/product/getproduct 304 - - 171.256 ms[39m
[35m[39m
2022-11-07 10:06:17:617 [35mhttp[39m: [35m::1 GET /api/product/getproduct 304 - - 103.332 ms[39m
[35m[39m
2022-11-07 10:06:21:621 [35mhttp[39m: [35m::1 GET /api/product/getproduct 304 - - 102.247 ms[39m
[35m[39m
2022-11-07 10:06:21:621 [35mhttp[39m: [35m::1 GET /api/product/getproduct 304 - - 104.624 ms[39m
[35m[39m
2022-11-07 10:06:22:622 [35mhttp[39m: [35m::1 GET /api/farmer/getcompletedmycrops/990910820V 304 - - 98.158 ms[39m
[35m[39m
2022-11-07 10:06:22:622 [35mhttp[39m: [35m::1 GET /api/farmer/getmycrops/990910820V 304 - - 102.249 ms[39m
[35m[39m
2022-11-07 10:06:24:624 [35mhttp[39m: [35m::1 GET /api/farmer/getcompletedmycrops/990910820V 304 - - 108.598 ms[39m
[35m[39m
2022-11-07 10:06:24:624 [35mhttp[39m: [35m::1 GET /api/farmer/getmycrops/990910820V 304 - - 112.145 ms[39m
[35m[39m
2022-11-07 10:06:25:625 [35mhttp[39m: [35m::1 GET /api/product/getproduct 304 - - 108.619 ms[39m
[35m[39m
2022-11-07 10:06:25:625 [35mhttp[39m: [35m::1 GET /api/product/getproduct 304 - - 198.279 ms[39m
[35m[39m
2022-11-07 10:06:29:629 [35mhttp[39m: [35m::1 GET /api/product/getproduct 304 - - 127.319 ms[39m
[35m[39m
2022-11-07 10:06:29:629 [35mhttp[39m: [35m::1 GET /api/product/getproduct 304 - - 130.621 ms[39m
[35m[39m
2022-11-07 10:06:30:630 [35mhttp[39m: [35m::1 GET /api/farmer/getcompletedmycrops/990910820V 304 - - 178.814 ms[39m
[35m[39m
2022-11-07 10:06:30:630 [35mhttp[39m: [35m::1 GET /api/farmer/getmycrops/990910820V 304 - - 182.425 ms[39m
[35m[39m
2022-11-07 10:06:31:631 [35mhttp[39m: [35m::1 GET /api/farmer/getcompletedmycrops/990910820V 304 - - 160.069 ms[39m
[35m[39m
2022-11-07 10:06:31:631 [35mhttp[39m: [35m::1 GET /api/farmer/getmycrops/990910820V 304 - - 164.113 ms[39m
[35m[39m
2022-11-07 10:06:33:633 [35mhttp[39m: [35m::1 GET /api/farmer/getcompletedmycrops/990910820V 304 - - 130.416 ms[39m
[35m[39m
2022-11-07 10:06:33:633 [35mhttp[39m: [35m::1 GET /api/farmer/getmycrops/990910820V 304 - - 135.423 ms[39m
[35m[39m
2022-11-07 10:06:34:634 [35mhttp[39m: [35m::1 GET /api/product/getproduct 304 - - 193.520 ms[39m
[35m[39m
2022-11-07 10:06:34:634 [35mhttp[39m: [35m::1 GET /api/product/getproduct 304 - - 102.141 ms[39m
[35m[39m
2022-11-07 10:06:52:652 [35mhttp[39m: [35m::1 GET /api/product/getproduct 304 - - 101.640 ms[39m
[35m[39m
2022-11-07 10:06:52:652 [35mhttp[39m: [35m::1 GET /api/product/getproduct 304 - - 151.204 ms[39m
[35m[39m
2022-11-07 10:06:52:652 [35mhttp[39m: [35m::1 GET /api/farmer/getcompletedmycrops/990910820V 304 - - 100.621 ms[39m
[35m[39m
2022-11-07 10:06:52:652 [35mhttp[39m: [35m::1 GET /api/farmer/getmycrops/990910820V 304 - - 104.470 ms[39m
[35m[39m
2022-11-07 10:39:51:3951 [32minfo[39m: [32mServer is running on port 9000[39m
2022-11-07 10:39:53:3953 [32minfo[39m: [32mConnected to MongoDB...[39m
2022-11-07 10:45:12:4512 [35mhttp[39m: [35m::1 GET /api/farmer/getmycrops/990910820V 304 - - 159.411 ms[39m
[35m[39m
2022-11-07 10:45:12:4512 [35mhttp[39m: [35m::1 GET /api/farmer/getcompletedmycrops/990910820V 304 - - 155.900 ms[39m
[35m[39m
2022-11-07 10:45:13:4513 [35mhttp[39m: [35m::1 GET /api/product/getproduct 304 - - 114.710 ms[39m
[35m[39m
2022-11-07 10:45:14:4514 [35mhttp[39m: [35m::1 GET /api/product/getproduct 304 - - 197.532 ms[39m
[35m[39m
2022-11-07 10:48:06:486 [35mhttp[39m: [35m::1 GET /api/farmer/getcompletedmycrops/990910820V 304 - - 137.515 ms[39m
[35m[39m
2022-11-07 10:48:06:486 [35mhttp[39m: [35m::1 GET /api/farmer/getmycrops/990910820V 304 - - 141.981 ms[39m
[35m[39m
2022-11-07 10:48:07:487 [35mhttp[39m: [35m::1 GET /api/product/getproduct 304 - - 140.379 ms[39m
[35m[39m
2022-11-07 10:48:07:487 [35mhttp[39m: [35m::1 GET /api/product/getproduct 304 - - 132.510 ms[39m
[35m[39m
2022-11-07 10:48:31:4831 [35mhttp[39m: [35m::1 GET /api/farmer/getmycrops/990910820V 304 - - 155.553 ms[39m
[35m[39m
2022-11-07 10:48:31:4831 [35mhttp[39m: [35m::1 GET /api/farmer/getcompletedmycrops/990910820V 304 - - 157.080 ms[39m
[35m[39m
2022-11-07 10:48:32:4832 [35mhttp[39m: [35m::1 GET /api/product/getproduct 304 - - 192.948 ms[39m
[35m[39m
2022-11-07 10:48:32:4832 [35mhttp[39m: [35m::1 GET /api/product/getproduct 304 - - 104.232 ms[39m
[35m[39m
2022-11-07 11:07:11:711 [32minfo[39m: [32mServer is running on port 9000[39m
2022-11-07 11:07:14:714 [32minfo[39m: [32mConnected to MongoDB...[39m
2022-11-07 11:08:14:814 [32minfo[39m: [32mServer is running on port 9000[39m
2022-11-07 11:08:15:815 [32minfo[39m: [32mConnected to MongoDB...[39m
2022-11-07 11:08:41:841 [32minfo[39m: [32mServer is running on port 9000[39m
2022-11-07 11:08:43:843 [32minfo[39m: [32mConnected to MongoDB...[39m
2022-11-07 11:09:41:941 [32minfo[39m: [32mServer is running on port 9000[39m
2022-11-07 11:09:43:943 [32minfo[39m: [32mConnected to MongoDB...[39m
2022-11-07 11:11:23:1123 [32minfo[39m: [32mServer is running on port 9000[39m
2022-11-07 11:11:25:1125 [32minfo[39m: [32mConnected to MongoDB...[39m
2022-11-07 11:12:49:1249 [32minfo[39m: [32mServer is running on port 9000[39m
2022-11-07 11:12:50:1250 [32minfo[39m: [32mConnected to MongoDB...[39m
2022-11-07 11:13:23:1323 [32minfo[39m: [32mServer is running on port 9000[39m
2022-11-07 11:13:24:1324 [32minfo[39m: [32mConnected to MongoDB...[39m
2022-11-07 11:15:57:1557 [32minfo[39m: [32mServer is running on port 9000[39m
2022-11-07 11:15:59:1559 [32minfo[39m: [32mConnected to MongoDB...[39m
2022-11-07 11:16:08:168 [35mhttp[39m: [35m::1 GET /api/farmer/getmycrops/990910820V 304 - - 142.432 ms[39m
[35m[39m
2022-11-07 11:16:08:168 [35mhttp[39m: [35m::1 GET /api/farmer/getcompletedmycrops/990910820V 304 - - 139.017 ms[39m
[35m[39m
2022-11-07 11:16:14:1614 [35mhttp[39m: [35m::1 GET /api/product/getproduct 304 - - 117.826 ms[39m
[35m[39m
2022-11-07 11:16:14:1614 [35mhttp[39m: [35m::1 GET /api/product/getproduct 304 - - 107.355 ms[39m
[35m[39m
2022-11-07 11:16:21:1621 [35mhttp[39m: [35m::1 GET /api/farmer/getmycrops/990910820V 304 - - 141.294 ms[39m
[35m[39m
2022-11-07 11:16:21:1621 [35mhttp[39m: [35m::1 GET /api/farmer/getcompletedmycrops/990910820V 304 - - 149.514 ms[39m
[35m[39m
2022-11-07 11:16:36:1636 [35mhttp[39m: [35m::1 GET /api/product/getproduct 304 - - 104.434 ms[39m
[35m[39m
2022-11-07 11:16:36:1636 [35mhttp[39m: [35m::1 GET /api/product/getproduct 304 - - 104.826 ms[39m
[35m[39m
2022-11-07 11:16:56:1656 [35mhttp[39m: [35m::1 GET /api/farmer/getmycrops/990910820V 304 - - 115.694 ms[39m
[35m[39m
2022-11-07 11:16:56:1656 [35mhttp[39m: [35m::1 GET /api/farmer/getcompletedmycrops/990910820V 304 - - 116.402 ms[39m
[35m[39m
2022-11-07 11:18:15:1815 [35mhttp[39m: [35m::1 GET /api/product/getproduct 304 - - 162.176 ms[39m
[35m[39m
2022-11-07 11:18:16:1816 [35mhttp[39m: [35m::1 GET /api/product/getproduct 304 - - 192.680 ms[39m
[35m[39m
2022-11-07 11:29:33:2933 [32minfo[39m: [32mServer is running on port 9000[39m
2022-11-07 11:29:34:2934 [32minfo[39m: [32mConnected to MongoDB...[39m
2022-11-07 11:30:05:305 [32minfo[39m: [32mServer is running on port 9000[39m
2022-11-07 11:30:07:307 [32minfo[39m: [32mServer is running on port 9000[39m
2022-11-07 11:30:08:308 [32minfo[39m: [32mConnected to MongoDB...[39m
2022-11-07 11:46:05:465 [32minfo[39m: [32mServer is running on port 9000[39m
2022-11-07 11:46:07:467 [32minfo[39m: [32mConnected to MongoDB...[39m
2022-11-07 11:48:02:482 [32minfo[39m: [32mServer is running on port 9000[39m
2022-11-07 11:48:04:484 [32minfo[39m: [32mConnected to MongoDB...[39m
2022-11-07 11:48:11:4811 [32minfo[39m: [32mServer is running on port 9000[39m
2022-11-07 11:48:12:4812 [32minfo[39m: [32mConnected to MongoDB...[39m
2022-11-07 11:48:53:4853 [32minfo[39m: [32mServer is running on port 9000[39m
2022-11-07 11:48:55:4855 [32minfo[39m: [32mConnected to MongoDB...[39m
2022-11-07 11:49:54:4954 [32minfo[39m: [32mServer is running on port 9000[39m
2022-11-07 11:49:56:4956 [32minfo[39m: [32mConnected to MongoDB...[39m
2022-11-07 11:55:11:5511 [32minfo[39m: [32mServer is running on port 9000[39m
2022-11-07 11:55:13:5513 [32minfo[39m: [32mConnected to MongoDB...[39m
2022-11-07 11:55:38:5538 [32minfo[39m: [32mServer is running on port 9000[39m
2022-11-07 11:55:40:5540 [32minfo[39m: [32mConnected to MongoDB...[39m
2022-11-07 11:55:59:5559 [32minfo[39m: [32mServer is running on port 9000[39m
2022-11-07 11:56:01:561 [32minfo[39m: [32mConnected to MongoDB...[39m
2022-11-07 11:58:18:5818 [32minfo[39m: [32mServer is running on port 9000[39m
2022-11-07 11:58:21:5821 [32minfo[39m: [32mConnected to MongoDB...[39m
2022-11-07 11:59:01:591 [32minfo[39m: [32mServer is running on port 9000[39m
2022-11-07 11:59:02:592 [32minfo[39m: [32mConnected to MongoDB...[39m
2022-11-07 11:59:25:5925 [32minfo[39m: [32mServer is running on port 9000[39m
2022-11-07 11:59:27:5927 [32minfo[39m: [32mConnected to MongoDB...[39m
2022-11-07 11:59:44:5944 [32minfo[39m: [32mServer is running on port 9000[39m
2022-11-07 11:59:46:5946 [32minfo[39m: [32mConnected to MongoDB...[39m
2022-11-07 12:00:13:013 [32minfo[39m: [32mServer is running on port 9000[39m
2022-11-07 12:00:14:014 [32minfo[39m: [32mConnected to MongoDB...[39m
