2022-11-07 13:57:04:574 [31merror[39m: [31mObjectId is not defined[39m
2022-11-08 19:16:56:1656 [31merror[39m: [31mupdatedcrop is not defined[39m
2022-11-08 19:21:56:2156 [31merror[39m: [31mupdatedcrop is not defined[39m
2022-11-08 19:26:31:2631 [31merror[39m: [31mupdatedcrop is not defined[39m
2022-11-08 19:26:33:2633 [31merror[39m: [31mupdatedcrop is not defined[39m
2022-11-10 18:47:38:4738 [31merror[39m: [31mISODate is not defined[39m
2022-11-10 19:27:39:2739 [31merror[39m: [31munknown operator: $expr[39m
2022-11-10 19:57:09:579 [31merror[39m: [31munknown operator: $glt[39m
2022-11-16 01:41:39:4139 [31merror[39m: [31mCast to ObjectId failed for value "getallproducts" (type string) at path "_id" for model "Product"[39m
2022-11-16 01:43:06:436 [31merror[39m: [31mCast to ObjectId failed for value "getallproducts" (type string) at path "_id" for model "Product"[39m
2022-11-16 01:43:10:4310 [31merror[39m: [31mCast to ObjectId failed for value "getallproducts" (type string) at path "_id" for model "Product"[39m
2022-11-16 18:09:07:97 [31merror[39m: [31mCast to ObjectId failed for value "market" (type string) at path "_id" for model "Product"[39m
2022-11-16 18:09:38:938 [31merror[39m: [31mCast to ObjectId failed for value "market" (type string) at path "_id" for model "Product"[39m
2022-11-16 18:12:30:1230 [31merror[39m: [31mCast to ObjectId failed for value "market" (type string) at path "_id" for model "Product"[39m
2022-11-16 18:13:31:1331 [31merror[39m: [31mCast to ObjectId failed for value "allproducts" (type string) at path "_id" for model "Product"[39m
2022-11-16 18:16:17:1617 [31merror[39m: [31mCast to ObjectId failed for value "allproducts" (type string) at path "_id" for model "Product"[39m
2022-11-16 18:17:39:1739 [31merror[39m: [31mCast to ObjectId failed for value "getallproductsformarket" (type string) at path "_id" for model "Product"[39m
2022-11-16 18:20:01:201 [31merror[39m: [31mCast to ObjectId failed for value "marketproduct" (type string) at path "_id" for model "Product"[39m
2022-11-16 18:24:08:248 [31merror[39m: [31mCast to ObjectId failed for value "marketproduct" (type string) at path "_id" for model "Product"[39m
2022-11-16 18:26:52:2652 [31merror[39m: [31mCould not connect to any servers in your MongoDB Atlas cluster. One common reason is that you're trying to access the database from an IP that isn't whitelisted. Make sure your current IP address is on your Atlas cluster's IP whitelist: https://docs.atlas.mongodb.com/security-whitelist/[39m
2022-11-16 18:27:28:2728 [31merror[39m: [31mCast to ObjectId failed for value "marketproduct" (type string) at path "_id" for model "Product"[39m
2022-11-16 18:28:38:2838 [31merror[39m: [31mCast to ObjectId failed for value "marketproduct1" (type string) at path "_id" for model "Product"[39m
2022-11-16 18:30:04:304 [31merror[39m: [31mCast to ObjectId failed for value "marketproduct" (type string) at path "_id" for model "Product"[39m
2022-11-16 18:30:17:3017 [31merror[39m: [31mCast to ObjectId failed for value "marketproduct" (type string) at path "_id" for model "Product"[39m
2022-11-16 18:31:47:3147 [31merror[39m: [31mCast to ObjectId failed for value "marketproduct" (type string) at path "_id" for model "Product"[39m
2022-11-16 18:32:15:3215 [31merror[39m: [31mCast to ObjectId failed for value "marketproduct1" (type string) at path "_id" for model "Product"[39m
2022-11-16 18:32:22:3222 [31merror[39m: [31mCast to ObjectId failed for value "marketproduct222" (type string) at path "_id" for model "Product"[39m
2022-11-16 18:33:08:338 [31merror[39m: [31mCast to ObjectId failed for value "marketproduct" (type string) at path "_id" for model "Product"[39m
2022-11-16 18:34:12:3412 [31merror[39m: [31mCast to ObjectId failed for value "marketproduct" (type string) at path "_id" for model "Product"[39m
2022-11-16 18:35:34:3534 [31merror[39m: [31mCast to ObjectId failed for value "marketproduct" (type string) at path "_id" for model "Product"[39m
2022-11-16 18:35:36:3536 [31merror[39m: [31mCast to ObjectId failed for value "marketproduct" (type string) at path "_id" for model "Product"[39m
2022-11-16 18:38:13:3813 [31merror[39m: [31mCast to ObjectId failed for value "marketproduct" (type string) at path "_id" for model "Product"[39m
2022-11-16 18:38:16:3816 [31merror[39m: [31mCast to ObjectId failed for value "marketproduct" (type string) at path "_id" for model "Product"[39m
2022-11-16 19:20:54:2054 [31merror[39m: [31mproduct.forEach is not a function[39m
2022-11-16 19:21:29:2129 [31merror[39m: [31mproduct.forEach is not a function[39m
2022-11-16 19:35:10:3510 [31merror[39m: [31mAssignment to constant variable.[39m
2022-11-16 21:40:35:4035 [31merror[39m: [31mCould not connect to any servers in your MongoDB Atlas cluster. One common reason is that you're trying to access the database from an IP that isn't whitelisted. Make sure your current IP address is on your Atlas cluster's IP whitelist: https://docs.atlas.mongodb.com/security-whitelist/[39m
2022-11-16 22:33:55:3355 [31merror[39m: [31melement.date.slice is not a function[39m
2022-11-16 22:34:04:344 [31merror[39m: [31melement.date.slice is not a function[39m
